Information: The command 'report_congestion' cleared the undo history. (UNDO-016)
****************************************
Report : congestion
Design : counter
Version: S-2021.06-SP3
Date   : Thu Sep 29 09:30:33 2022
****************************************

Layer      Boundary                                       Demand/Capacity
M1         {{0 0} {1.024 0.768}}                          0/15
M1         {{0 0.768} {1.024 1.536}}                      0/3
M1         {{0 1.536} {1.024 2.304}}                      0/3
M1         {{0 2.304} {1.024 3.072}}                      0/3
M1         {{0 3.072} {1.024 3.84}}                       0/3
M1         {{0 3.84} {1.024 4.608}}                       0/3
M1         {{0 4.608} {1.024 5.376}}                      0/3
M1         {{1.024 0} {1.792 0.768}}                      0/12
M1         {{1.024 0.768} {1.792 1.536}}                  0/0
M1         {{1.024 1.536} {1.792 2.304}}                  0/0
M1         {{1.024 2.304} {1.792 3.072}}                  0/0
M1         {{1.024 3.072} {1.792 3.84}}                   0/0
M1         {{1.024 3.84} {1.792 4.608}}                   0/0
M1         {{1.024 4.608} {1.792 5.376}}                  0/0
M1         {{1.792 0} {2.56 0.768}}                       0/12
M1         {{1.792 0.768} {2.56 1.536}}                   0/0
M1         {{1.792 1.536} {2.56 2.304}}                   0/0
M1         {{1.792 2.304} {2.56 3.072}}                   0/0
M1         {{1.792 3.072} {2.56 3.84}}                    0/0
M1         {{1.792 3.84} {2.56 4.608}}                    0/0
M1         {{1.792 4.608} {2.56 5.376}}                   0/0
M1         {{2.56 0} {3.328 0.768}}                       0/12
M1         {{2.56 0.768} {3.328 1.536}}                   0/0
M1         {{2.56 1.536} {3.328 2.304}}                   0/0
M1         {{2.56 2.304} {3.328 3.072}}                   0/0
M1         {{2.56 3.072} {3.328 3.84}}                    0/0
M1         {{2.56 3.84} {3.328 4.608}}                    0/0
M1         {{2.56 4.608} {3.328 5.376}}                   0/0
M1         {{3.328 0} {4.352 0.768}}                      0/16
M1         {{3.328 0.768} {4.352 1.536}}                  0/3
M1         {{3.328 1.536} {4.352 2.304}}                  0/3
M1         {{3.328 2.304} {4.352 3.072}}                  0/3
M1         {{3.328 3.072} {4.352 3.84}}                   0/3
M1         {{3.328 3.84} {4.352 4.608}}                   0/3
M1         {{3.328 4.608} {4.352 5.376}}                  0/3
MINT1      {{0 0} {1.024 0.768}}                          0/11
MINT1      {{0 0.768} {1.024 1.536}}                      0/12
MINT1      {{0 1.536} {1.024 2.304}}                      1/11
MINT1      {{0 2.304} {1.024 3.072}}                      2/6
MINT1      {{0 3.072} {1.024 3.84}}                       6/7
MINT1      {{0 3.84} {1.024 4.608}}                       0/10
MINT1      {{0 4.608} {1.024 5.376}}                      0/11
MINT1      {{1.024 0} {1.792 0.768}}                      0/11
MINT1      {{1.024 0.768} {1.792 1.536}}                  0/12
MINT1      {{1.024 1.536} {1.792 2.304}}                  1/11
MINT1      {{1.024 2.304} {1.792 3.072}}                  2/6
MINT1      {{1.024 3.072} {1.792 3.84}}                   4/5
MINT1      {{1.024 3.84} {1.792 4.608}}                   1/9
MINT1      {{1.024 4.608} {1.792 5.376}}                  0/11
MINT1      {{1.792 0} {2.56 0.768}}                       0/11
MINT1      {{1.792 0.768} {2.56 1.536}}                   0/12
MINT1      {{1.792 1.536} {2.56 2.304}}                   3/6
MINT1      {{1.792 2.304} {2.56 3.072}}                   1/10
MINT1      {{1.792 3.072} {2.56 3.84}}                    5/9
MINT1      {{1.792 3.84} {2.56 4.608}}                    3/9
MINT1      {{1.792 4.608} {2.56 5.376}}                   0/12
MINT1      {{2.56 0} {3.328 0.768}}                       0/11
MINT1      {{2.56 0.768} {3.328 1.536}}                   0/12
MINT1      {{2.56 1.536} {3.328 2.304}}                   2/6
MINT1      {{2.56 2.304} {3.328 3.072}}                   4/12
MINT1      {{2.56 3.072} {3.328 3.84}}                    6/12
MINT1      {{2.56 3.84} {3.328 4.608}}                    4/12
MINT1      {{2.56 4.608} {3.328 5.376}}                   0/12
MINT1      {{3.328 0} {4.352 0.768}}                      0/11
MINT1      {{3.328 0.768} {4.352 1.536}}                  0/12
MINT1      {{3.328 1.536} {4.352 2.304}}                  1/10
MINT1      {{3.328 2.304} {4.352 3.072}}                  3/11
MINT1      {{3.328 3.072} {4.352 3.84}}                   5/12
MINT1      {{3.328 3.84} {4.352 4.608}}                   0/12
MINT1      {{3.328 4.608} {4.352 5.376}}                  0/12
MINT2      {{0 0} {1.024 0.768}}                          0/15
MINT2      {{0 0.768} {1.024 1.536}}                      0/11
MINT2      {{0 1.536} {1.024 2.304}}                      1/11
MINT2      {{0 2.304} {1.024 3.072}}                      3/11
MINT2      {{0 3.072} {1.024 3.84}}                       2/11
MINT2      {{0 3.84} {1.024 4.608}}                       0/11
MINT2      {{0 4.608} {1.024 5.376}}                      0/11
MINT2      {{1.024 0} {1.792 0.768}}                      0/11
MINT2      {{1.024 0.768} {1.792 1.536}}                  0/8
MINT2      {{1.024 1.536} {1.792 2.304}}                  0/8
MINT2      {{1.024 2.304} {1.792 3.072}}                  1/8
MINT2      {{1.024 3.072} {1.792 3.84}}                   2/8
MINT2      {{1.024 3.84} {1.792 4.608}}                   1/8
MINT2      {{1.024 4.608} {1.792 5.376}}                  0/8
MINT2      {{1.792 0} {2.56 0.768}}                       1/12
MINT2      {{1.792 0.768} {2.56 1.536}}                   1/12
MINT2      {{1.792 1.536} {2.56 2.304}}                   2/12
MINT2      {{1.792 2.304} {2.56 3.072}}                   5/12
MINT2      {{1.792 3.072} {2.56 3.84}}                    5/12
MINT2      {{1.792 3.84} {2.56 4.608}}                    3/12
MINT2      {{1.792 4.608} {2.56 5.376}}                   0/12
MINT2      {{2.56 0} {3.328 0.768}}                       0/12
MINT2      {{2.56 0.768} {3.328 1.536}}                   1/12
MINT2      {{2.56 1.536} {3.328 2.304}}                   3/12
MINT2      {{2.56 2.304} {3.328 3.072}}                   6/12
MINT2      {{2.56 3.072} {3.328 3.84}}                    6/12
MINT2      {{2.56 3.84} {3.328 4.608}}                    3/12
MINT2      {{2.56 4.608} {3.328 5.376}}                   0/12
MINT2      {{3.328 0} {4.352 0.768}}                      0/16
MINT2      {{3.328 0.768} {4.352 1.536}}                  0/16
MINT2      {{3.328 1.536} {4.352 2.304}}                  3/16
MINT2      {{3.328 2.304} {4.352 3.072}}                  4/16
MINT2      {{3.328 3.072} {4.352 3.84}}                   5/16
MINT2      {{3.328 3.84} {4.352 4.608}}                   2/16
MINT2      {{3.328 4.608} {4.352 5.376}}                  0/16
MINT3      {{0 0} {1.024 0.768}}                          0/11
MINT3      {{0 0.768} {1.024 1.536}}                      0/12
MINT3      {{0 1.536} {1.024 2.304}}                      0/10
MINT3      {{0 2.304} {1.024 3.072}}                      0/11
MINT3      {{0 3.072} {1.024 3.84}}                       1/11
MINT3      {{0 3.84} {1.024 4.608}}                       0/12
MINT3      {{0 4.608} {1.024 5.376}}                      0/11
MINT3      {{1.024 0} {1.792 0.768}}                      1/11
MINT3      {{1.024 0.768} {1.792 1.536}}                  0/12
MINT3      {{1.024 1.536} {1.792 2.304}}                  0/11
MINT3      {{1.024 2.304} {1.792 3.072}}                  0/12
MINT3      {{1.024 3.072} {1.792 3.84}}                   2/11
MINT3      {{1.024 3.84} {1.792 4.608}}                   0/12
MINT3      {{1.024 4.608} {1.792 5.376}}                  0/11
MINT3      {{1.792 0} {2.56 0.768}}                       1/11
MINT3      {{1.792 0.768} {2.56 1.536}}                   0/12
MINT3      {{1.792 1.536} {2.56 2.304}}                   0/12
MINT3      {{1.792 2.304} {2.56 3.072}}                   1/12
MINT3      {{1.792 3.072} {2.56 3.84}}                    1/12
MINT3      {{1.792 3.84} {2.56 4.608}}                    0/12
MINT3      {{1.792 4.608} {2.56 5.376}}                   0/12
MINT3      {{2.56 0} {3.328 0.768}}                       0/11
MINT3      {{2.56 0.768} {3.328 1.536}}                   0/12
MINT3      {{2.56 1.536} {3.328 2.304}}                   0/12
MINT3      {{2.56 2.304} {3.328 3.072}}                   0/12
MINT3      {{2.56 3.072} {3.328 3.84}}                    0/12
MINT3      {{2.56 3.84} {3.328 4.608}}                    0/12
MINT3      {{2.56 4.608} {3.328 5.376}}                   0/12
MINT3      {{3.328 0} {4.352 0.768}}                      0/11
MINT3      {{3.328 0.768} {4.352 1.536}}                  0/12
MINT3      {{3.328 1.536} {4.352 2.304}}                  1/12
MINT3      {{3.328 2.304} {4.352 3.072}}                  0/12
MINT3      {{3.328 3.072} {4.352 3.84}}                   0/12
MINT3      {{3.328 3.84} {4.352 4.608}}                   0/12
MINT3      {{3.328 4.608} {4.352 5.376}}                  0/12
MINT4      {{0 0} {1.024 0.768}}                          0/15
MINT4      {{0 0.768} {1.024 1.536}}                      0/11
MINT4      {{0 1.536} {1.024 2.304}}                      0/11
MINT4      {{0 2.304} {1.024 3.072}}                      0/11
MINT4      {{0 3.072} {1.024 3.84}}                       0/11
MINT4      {{0 3.84} {1.024 4.608}}                       0/11
MINT4      {{0 4.608} {1.024 5.376}}                      0/11
MINT4      {{1.024 0} {1.792 0.768}}                      0/12
MINT4      {{1.024 0.768} {1.792 1.536}}                  0/8
MINT4      {{1.024 1.536} {1.792 2.304}}                  0/8
MINT4      {{1.024 2.304} {1.792 3.072}}                  0/8
MINT4      {{1.024 3.072} {1.792 3.84}}                   0/8
MINT4      {{1.024 3.84} {1.792 4.608}}                   0/8
MINT4      {{1.024 4.608} {1.792 5.376}}                  0/8
MINT4      {{1.792 0} {2.56 0.768}}                       0/12
MINT4      {{1.792 0.768} {2.56 1.536}}                   0/12
MINT4      {{1.792 1.536} {2.56 2.304}}                   0/12
MINT4      {{1.792 2.304} {2.56 3.072}}                   0/12
MINT4      {{1.792 3.072} {2.56 3.84}}                    0/12
MINT4      {{1.792 3.84} {2.56 4.608}}                    0/12
MINT4      {{1.792 4.608} {2.56 5.376}}                   0/12
MINT4      {{2.56 0} {3.328 0.768}}                       0/12
MINT4      {{2.56 0.768} {3.328 1.536}}                   0/12
MINT4      {{2.56 1.536} {3.328 2.304}}                   0/12
MINT4      {{2.56 2.304} {3.328 3.072}}                   0/12
MINT4      {{2.56 3.072} {3.328 3.84}}                    0/12
MINT4      {{2.56 3.84} {3.328 4.608}}                    0/12
MINT4      {{2.56 4.608} {3.328 5.376}}                   0/12
MINT4      {{3.328 0} {4.352 0.768}}                      0/16
MINT4      {{3.328 0.768} {4.352 1.536}}                  0/16
MINT4      {{3.328 1.536} {4.352 2.304}}                  0/16
MINT4      {{3.328 2.304} {4.352 3.072}}                  0/16
MINT4      {{3.328 3.072} {4.352 3.84}}                   0/16
MINT4      {{3.328 3.84} {4.352 4.608}}                   0/16
MINT4      {{3.328 4.608} {4.352 5.376}}                  0/16
MINT5      {{0 0} {1.024 0.768}}                          0/11
MINT5      {{0 0.768} {1.024 1.536}}                      0/12
MINT5      {{0 1.536} {1.024 2.304}}                      0/11
MINT5      {{0 2.304} {1.024 3.072}}                      0/12
MINT5      {{0 3.072} {1.024 3.84}}                       0/11
MINT5      {{0 3.84} {1.024 4.608}}                       0/12
MINT5      {{0 4.608} {1.024 5.376}}                      0/11
MINT5      {{1.024 0} {1.792 0.768}}                      0/11
MINT5      {{1.024 0.768} {1.792 1.536}}                  0/12
MINT5      {{1.024 1.536} {1.792 2.304}}                  0/11
MINT5      {{1.024 2.304} {1.792 3.072}}                  0/12
MINT5      {{1.024 3.072} {1.792 3.84}}                   0/11
MINT5      {{1.024 3.84} {1.792 4.608}}                   0/12
MINT5      {{1.024 4.608} {1.792 5.376}}                  0/11
MINT5      {{1.792 0} {2.56 0.768}}                       0/11
MINT5      {{1.792 0.768} {2.56 1.536}}                   0/12
MINT5      {{1.792 1.536} {2.56 2.304}}                   0/12
MINT5      {{1.792 2.304} {2.56 3.072}}                   0/12
MINT5      {{1.792 3.072} {2.56 3.84}}                    0/12
MINT5      {{1.792 3.84} {2.56 4.608}}                    0/12
MINT5      {{1.792 4.608} {2.56 5.376}}                   0/12
MINT5      {{2.56 0} {3.328 0.768}}                       0/11
MINT5      {{2.56 0.768} {3.328 1.536}}                   0/12
MINT5      {{2.56 1.536} {3.328 2.304}}                   0/12
MINT5      {{2.56 2.304} {3.328 3.072}}                   0/12
MINT5      {{2.56 3.072} {3.328 3.84}}                    0/12
MINT5      {{2.56 3.84} {3.328 4.608}}                    0/12
MINT5      {{2.56 4.608} {3.328 5.376}}                   0/12
MINT5      {{3.328 0} {4.352 0.768}}                      0/11
MINT5      {{3.328 0.768} {4.352 1.536}}                  0/12
MINT5      {{3.328 1.536} {4.352 2.304}}                  0/12
MINT5      {{3.328 2.304} {4.352 3.072}}                  0/12
MINT5      {{3.328 3.072} {4.352 3.84}}                   0/12
MINT5      {{3.328 3.84} {4.352 4.608}}                   0/12
MINT5      {{3.328 4.608} {4.352 5.376}}                  0/12
MSMG1      {{0 0} {1.024 0.768}}                          0/8
MSMG1      {{0 0.768} {1.024 1.536}}                      0/6
MSMG1      {{0 1.536} {1.024 2.304}}                      0/6
MSMG1      {{0 2.304} {1.024 3.072}}                      0/6
MSMG1      {{0 3.072} {1.024 3.84}}                       0/6
MSMG1      {{0 3.84} {1.024 4.608}}                       0/6
MSMG1      {{0 4.608} {1.024 5.376}}                      0/6
MSMG1      {{1.024 0} {1.792 0.768}}                      0/7
MSMG1      {{1.024 0.768} {1.792 1.536}}                  0/4
MSMG1      {{1.024 1.536} {1.792 2.304}}                  0/4
MSMG1      {{1.024 2.304} {1.792 3.072}}                  0/4
MSMG1      {{1.024 3.072} {1.792 3.84}}                   0/4
MSMG1      {{1.024 3.84} {1.792 4.608}}                   0/4
MSMG1      {{1.024 4.608} {1.792 5.376}}                  0/4
MSMG1      {{1.792 0} {2.56 0.768}}                       0/7
MSMG1      {{1.792 0.768} {2.56 1.536}}                   0/7
MSMG1      {{1.792 1.536} {2.56 2.304}}                   0/7
MSMG1      {{1.792 2.304} {2.56 3.072}}                   0/7
MSMG1      {{1.792 3.072} {2.56 3.84}}                    0/7
MSMG1      {{1.792 3.84} {2.56 4.608}}                    0/7
MSMG1      {{1.792 4.608} {2.56 5.376}}                   0/7
MSMG1      {{2.56 0} {3.328 0.768}}                       0/7
MSMG1      {{2.56 0.768} {3.328 1.536}}                   0/7
MSMG1      {{2.56 1.536} {3.328 2.304}}                   0/7
MSMG1      {{2.56 2.304} {3.328 3.072}}                   0/7
MSMG1      {{2.56 3.072} {3.328 3.84}}                    0/7
MSMG1      {{2.56 3.84} {3.328 4.608}}                    0/7
MSMG1      {{2.56 4.608} {3.328 5.376}}                   0/7
MSMG1      {{3.328 0} {4.352 0.768}}                      0/8
MSMG1      {{3.328 0.768} {4.352 1.536}}                  0/8
MSMG1      {{3.328 1.536} {4.352 2.304}}                  0/8
MSMG1      {{3.328 2.304} {4.352 3.072}}                  0/8
MSMG1      {{3.328 3.072} {4.352 3.84}}                   0/8
MSMG1      {{3.328 3.84} {4.352 4.608}}                   0/8
MSMG1      {{3.328 4.608} {4.352 5.376}}                  0/8
MSMG2      {{0 0} {1.024 0.768}}                          0/0
MSMG2      {{0 0.768} {1.024 1.536}}                      0/0
MSMG2      {{0 1.536} {1.024 2.304}}                      0/0
MSMG2      {{0 2.304} {1.024 3.072}}                      0/0
MSMG2      {{0 3.072} {1.024 3.84}}                       0/0
MSMG2      {{0 3.84} {1.024 4.608}}                       0/0
MSMG2      {{0 4.608} {1.024 5.376}}                      0/0
MSMG2      {{1.024 0} {1.792 0.768}}                      0/0
MSMG2      {{1.024 0.768} {1.792 1.536}}                  0/0
MSMG2      {{1.024 1.536} {1.792 2.304}}                  0/0
MSMG2      {{1.024 2.304} {1.792 3.072}}                  0/0
MSMG2      {{1.024 3.072} {1.792 3.84}}                   0/0
MSMG2      {{1.024 3.84} {1.792 4.608}}                   0/0
MSMG2      {{1.024 4.608} {1.792 5.376}}                  0/0
MSMG2      {{1.792 0} {2.56 0.768}}                       0/0
MSMG2      {{1.792 0.768} {2.56 1.536}}                   0/0
MSMG2      {{1.792 1.536} {2.56 2.304}}                   0/0
MSMG2      {{1.792 2.304} {2.56 3.072}}                   0/0
MSMG2      {{1.792 3.072} {2.56 3.84}}                    0/0
MSMG2      {{1.792 3.84} {2.56 4.608}}                    0/0
MSMG2      {{1.792 4.608} {2.56 5.376}}                   0/0
MSMG2      {{2.56 0} {3.328 0.768}}                       0/0
MSMG2      {{2.56 0.768} {3.328 1.536}}                   0/0
MSMG2      {{2.56 1.536} {3.328 2.304}}                   0/0
MSMG2      {{2.56 2.304} {3.328 3.072}}                   0/0
MSMG2      {{2.56 3.072} {3.328 3.84}}                    0/0
MSMG2      {{2.56 3.84} {3.328 4.608}}                    0/0
MSMG2      {{2.56 4.608} {3.328 5.376}}                   0/0
MSMG2      {{3.328 0} {4.352 0.768}}                      0/0
MSMG2      {{3.328 0.768} {4.352 1.536}}                  0/0
MSMG2      {{3.328 1.536} {4.352 2.304}}                  0/0
MSMG2      {{3.328 2.304} {4.352 3.072}}                  0/0
MSMG2      {{3.328 3.072} {4.352 3.84}}                   0/0
MSMG2      {{3.328 3.84} {4.352 4.608}}                   0/0
MSMG2      {{3.328 4.608} {4.352 5.376}}                  0/0
MSMG3      {{0 0} {1.024 0.768}}                          0/0
MSMG3      {{0 0.768} {1.024 1.536}}                      0/0
MSMG3      {{0 1.536} {1.024 2.304}}                      0/0
MSMG3      {{0 2.304} {1.024 3.072}}                      0/0
MSMG3      {{0 3.072} {1.024 3.84}}                       0/0
MSMG3      {{0 3.84} {1.024 4.608}}                       0/0
MSMG3      {{0 4.608} {1.024 5.376}}                      0/0
MSMG3      {{1.024 0} {1.792 0.768}}                      0/0
MSMG3      {{1.024 0.768} {1.792 1.536}}                  0/0
MSMG3      {{1.024 1.536} {1.792 2.304}}                  0/0
MSMG3      {{1.024 2.304} {1.792 3.072}}                  0/0
MSMG3      {{1.024 3.072} {1.792 3.84}}                   0/0
MSMG3      {{1.024 3.84} {1.792 4.608}}                   0/0
MSMG3      {{1.024 4.608} {1.792 5.376}}                  0/0
MSMG3      {{1.792 0} {2.56 0.768}}                       0/0
MSMG3      {{1.792 0.768} {2.56 1.536}}                   0/0
MSMG3      {{1.792 1.536} {2.56 2.304}}                   0/0
MSMG3      {{1.792 2.304} {2.56 3.072}}                   0/0
MSMG3      {{1.792 3.072} {2.56 3.84}}                    0/0
MSMG3      {{1.792 3.84} {2.56 4.608}}                    0/0
MSMG3      {{1.792 4.608} {2.56 5.376}}                   0/0
MSMG3      {{2.56 0} {3.328 0.768}}                       0/0
MSMG3      {{2.56 0.768} {3.328 1.536}}                   0/0
MSMG3      {{2.56 1.536} {3.328 2.304}}                   0/0
MSMG3      {{2.56 2.304} {3.328 3.072}}                   0/0
MSMG3      {{2.56 3.072} {3.328 3.84}}                    0/0
MSMG3      {{2.56 3.84} {3.328 4.608}}                    0/0
MSMG3      {{2.56 4.608} {3.328 5.376}}                   0/0
MSMG3      {{3.328 0} {4.352 0.768}}                      0/0
MSMG3      {{3.328 0.768} {4.352 1.536}}                  0/0
MSMG3      {{3.328 1.536} {4.352 2.304}}                  0/0
MSMG3      {{3.328 2.304} {4.352 3.072}}                  0/0
MSMG3      {{3.328 3.072} {4.352 3.84}}                   0/0
MSMG3      {{3.328 3.84} {4.352 4.608}}                   0/0
MSMG3      {{3.328 4.608} {4.352 5.376}}                  0/0
MSMG4      {{0 0} {1.024 0.768}}                          0/0
MSMG4      {{0 0.768} {1.024 1.536}}                      0/0
MSMG4      {{0 1.536} {1.024 2.304}}                      0/0
MSMG4      {{0 2.304} {1.024 3.072}}                      0/0
MSMG4      {{0 3.072} {1.024 3.84}}                       0/0
MSMG4      {{0 3.84} {1.024 4.608}}                       0/0
MSMG4      {{0 4.608} {1.024 5.376}}                      0/0
MSMG4      {{1.024 0} {1.792 0.768}}                      0/0
MSMG4      {{1.024 0.768} {1.792 1.536}}                  0/0
MSMG4      {{1.024 1.536} {1.792 2.304}}                  0/0
MSMG4      {{1.024 2.304} {1.792 3.072}}                  0/0
MSMG4      {{1.024 3.072} {1.792 3.84}}                   0/0
MSMG4      {{1.024 3.84} {1.792 4.608}}                   0/0
MSMG4      {{1.024 4.608} {1.792 5.376}}                  0/0
MSMG4      {{1.792 0} {2.56 0.768}}                       0/0
MSMG4      {{1.792 0.768} {2.56 1.536}}                   0/0
MSMG4      {{1.792 1.536} {2.56 2.304}}                   0/0
MSMG4      {{1.792 2.304} {2.56 3.072}}                   0/0
MSMG4      {{1.792 3.072} {2.56 3.84}}                    0/0
MSMG4      {{1.792 3.84} {2.56 4.608}}                    0/0
MSMG4      {{1.792 4.608} {2.56 5.376}}                   0/0
MSMG4      {{2.56 0} {3.328 0.768}}                       0/0
MSMG4      {{2.56 0.768} {3.328 1.536}}                   0/0
MSMG4      {{2.56 1.536} {3.328 2.304}}                   0/0
MSMG4      {{2.56 2.304} {3.328 3.072}}                   0/0
MSMG4      {{2.56 3.072} {3.328 3.84}}                    0/0
MSMG4      {{2.56 3.84} {3.328 4.608}}                    0/0
MSMG4      {{2.56 4.608} {3.328 5.376}}                   0/0
MSMG4      {{3.328 0} {4.352 0.768}}                      0/0
MSMG4      {{3.328 0.768} {4.352 1.536}}                  0/0
MSMG4      {{3.328 1.536} {4.352 2.304}}                  0/0
MSMG4      {{3.328 2.304} {4.352 3.072}}                  0/0
MSMG4      {{3.328 3.072} {4.352 3.84}}                   0/0
MSMG4      {{3.328 3.84} {4.352 4.608}}                   0/0
MSMG4      {{3.328 4.608} {4.352 5.376}}                  0/0
MSMG5      {{0 0} {1.024 0.768}}                          0/0
MSMG5      {{0 0.768} {1.024 1.536}}                      0/0
MSMG5      {{0 1.536} {1.024 2.304}}                      0/0
MSMG5      {{0 2.304} {1.024 3.072}}                      0/0
MSMG5      {{0 3.072} {1.024 3.84}}                       0/0
MSMG5      {{0 3.84} {1.024 4.608}}                       0/0
MSMG5      {{0 4.608} {1.024 5.376}}                      0/0
MSMG5      {{1.024 0} {1.792 0.768}}                      0/0
MSMG5      {{1.024 0.768} {1.792 1.536}}                  0/0
MSMG5      {{1.024 1.536} {1.792 2.304}}                  0/0
MSMG5      {{1.024 2.304} {1.792 3.072}}                  0/0
MSMG5      {{1.024 3.072} {1.792 3.84}}                   0/0
MSMG5      {{1.024 3.84} {1.792 4.608}}                   0/0
MSMG5      {{1.024 4.608} {1.792 5.376}}                  0/0
MSMG5      {{1.792 0} {2.56 0.768}}                       0/0
MSMG5      {{1.792 0.768} {2.56 1.536}}                   0/0
MSMG5      {{1.792 1.536} {2.56 2.304}}                   0/0
MSMG5      {{1.792 2.304} {2.56 3.072}}                   0/0
MSMG5      {{1.792 3.072} {2.56 3.84}}                    0/0
MSMG5      {{1.792 3.84} {2.56 4.608}}                    0/0
MSMG5      {{1.792 4.608} {2.56 5.376}}                   0/0
MSMG5      {{2.56 0} {3.328 0.768}}                       0/0
MSMG5      {{2.56 0.768} {3.328 1.536}}                   0/0
MSMG5      {{2.56 1.536} {3.328 2.304}}                   0/0
MSMG5      {{2.56 2.304} {3.328 3.072}}                   0/0
MSMG5      {{2.56 3.072} {3.328 3.84}}                    0/0
MSMG5      {{2.56 3.84} {3.328 4.608}}                    0/0
MSMG5      {{2.56 4.608} {3.328 5.376}}                   0/0
MSMG5      {{3.328 0} {4.352 0.768}}                      0/0
MSMG5      {{3.328 0.768} {4.352 1.536}}                  0/0
MSMG5      {{3.328 1.536} {4.352 2.304}}                  0/0
MSMG5      {{3.328 2.304} {4.352 3.072}}                  0/0
MSMG5      {{3.328 3.072} {4.352 3.84}}                   0/0
MSMG5      {{3.328 3.84} {4.352 4.608}}                   0/0
MSMG5      {{3.328 4.608} {4.352 5.376}}                  0/0
MG1        {{0 0} {1.024 0.768}}                          0/0
MG1        {{0 0.768} {1.024 1.536}}                      0/0
MG1        {{0 1.536} {1.024 2.304}}                      0/0
MG1        {{0 2.304} {1.024 3.072}}                      0/0
MG1        {{0 3.072} {1.024 3.84}}                       0/0
MG1        {{0 3.84} {1.024 4.608}}                       0/0
MG1        {{0 4.608} {1.024 5.376}}                      0/0
MG1        {{1.024 0} {1.792 0.768}}                      0/0
MG1        {{1.024 0.768} {1.792 1.536}}                  0/0
MG1        {{1.024 1.536} {1.792 2.304}}                  0/0
MG1        {{1.024 2.304} {1.792 3.072}}                  0/0
MG1        {{1.024 3.072} {1.792 3.84}}                   0/0
MG1        {{1.024 3.84} {1.792 4.608}}                   0/0
MG1        {{1.024 4.608} {1.792 5.376}}                  0/0
MG1        {{1.792 0} {2.56 0.768}}                       0/0
MG1        {{1.792 0.768} {2.56 1.536}}                   0/0
MG1        {{1.792 1.536} {2.56 2.304}}                   0/0
MG1        {{1.792 2.304} {2.56 3.072}}                   0/0
MG1        {{1.792 3.072} {2.56 3.84}}                    0/0
MG1        {{1.792 3.84} {2.56 4.608}}                    0/0
MG1        {{1.792 4.608} {2.56 5.376}}                   0/0
MG1        {{2.56 0} {3.328 0.768}}                       0/0
MG1        {{2.56 0.768} {3.328 1.536}}                   0/0
MG1        {{2.56 1.536} {3.328 2.304}}                   0/0
MG1        {{2.56 2.304} {3.328 3.072}}                   0/0
MG1        {{2.56 3.072} {3.328 3.84}}                    0/0
MG1        {{2.56 3.84} {3.328 4.608}}                    0/0
MG1        {{2.56 4.608} {3.328 5.376}}                   0/0
MG1        {{3.328 0} {4.352 0.768}}                      0/0
MG1        {{3.328 0.768} {4.352 1.536}}                  0/0
MG1        {{3.328 1.536} {4.352 2.304}}                  0/0
MG1        {{3.328 2.304} {4.352 3.072}}                  0/0
MG1        {{3.328 3.072} {4.352 3.84}}                   0/0
MG1        {{3.328 3.84} {4.352 4.608}}                   0/0
MG1        {{3.328 4.608} {4.352 5.376}}                  0/0
MG2        {{0 0} {1.024 0.768}}                          0/0
MG2        {{0 0.768} {1.024 1.536}}                      0/0
MG2        {{0 1.536} {1.024 2.304}}                      0/0
MG2        {{0 2.304} {1.024 3.072}}                      0/0
MG2        {{0 3.072} {1.024 3.84}}                       0/0
MG2        {{0 3.84} {1.024 4.608}}                       0/0
MG2        {{0 4.608} {1.024 5.376}}                      0/0
MG2        {{1.024 0} {1.792 0.768}}                      0/0
MG2        {{1.024 0.768} {1.792 1.536}}                  0/0
MG2        {{1.024 1.536} {1.792 2.304}}                  0/0
MG2        {{1.024 2.304} {1.792 3.072}}                  0/0
MG2        {{1.024 3.072} {1.792 3.84}}                   0/0
MG2        {{1.024 3.84} {1.792 4.608}}                   0/0
MG2        {{1.024 4.608} {1.792 5.376}}                  0/0
MG2        {{1.792 0} {2.56 0.768}}                       0/0
MG2        {{1.792 0.768} {2.56 1.536}}                   0/0
MG2        {{1.792 1.536} {2.56 2.304}}                   0/0
MG2        {{1.792 2.304} {2.56 3.072}}                   0/0
MG2        {{1.792 3.072} {2.56 3.84}}                    0/0
MG2        {{1.792 3.84} {2.56 4.608}}                    0/0
MG2        {{1.792 4.608} {2.56 5.376}}                   0/0
MG2        {{2.56 0} {3.328 0.768}}                       0/0
MG2        {{2.56 0.768} {3.328 1.536}}                   0/0
MG2        {{2.56 1.536} {3.328 2.304}}                   0/0
MG2        {{2.56 2.304} {3.328 3.072}}                   0/0
MG2        {{2.56 3.072} {3.328 3.84}}                    0/0
MG2        {{2.56 3.84} {3.328 4.608}}                    0/0
MG2        {{2.56 4.608} {3.328 5.376}}                   0/0
MG2        {{3.328 0} {4.352 0.768}}                      0/0
MG2        {{3.328 0.768} {4.352 1.536}}                  0/0
MG2        {{3.328 1.536} {4.352 2.304}}                  0/0
MG2        {{3.328 2.304} {4.352 3.072}}                  0/0
MG2        {{3.328 3.072} {4.352 3.84}}                   0/0
MG2        {{3.328 3.84} {4.352 4.608}}                   0/0
MG2        {{3.328 4.608} {4.352 5.376}}                  0/0
1
